<?xml version="1.0" encoding="UTF-8"?>
<testng-results skipped="0" failed="0" ignored="0" total="1" passed="1">
  <reporter-output>
  </reporter-output>
  <suite name="Default suite" duration-ms="6540" started-at="2019-01-19T14:59:22Z" finished-at="2019-01-19T14:59:28Z">
    <groups>
      <group name="cucumber">
        <method signature="AbstractTestNGCucumberTests.feature(cucumber.api.testng.CucumberFeatureWrapper)[pri:0, instance:runner.each_post_unique_Validation@42dafa95]" name="feature" class="cucumber.api.testng.AbstractTestNGCucumberTests"/>
      </group> <!-- cucumber -->
    </groups>
    <test name="Default test" duration-ms="6540" started-at="2019-01-19T14:59:22Z" finished-at="2019-01-19T14:59:28Z">
      <class name="runner.each_post_unique_Validation">
        <test-method status="PASS" signature="setUpClass()[pri:0, instance:runner.each_post_unique_Validation@42dafa95]" name="setUpClass" is-config="true" duration-ms="188" started-at="2019-01-19T14:59:22Z" finished-at="2019-01-19T14:59:22Z">
          <reporter-output>
          </reporter-output>
        </test-method> <!-- setUpClass -->
        <test-method status="PASS" signature="feature(cucumber.api.testng.CucumberFeatureWrapper)[pri:0, instance:runner.each_post_unique_Validation@42dafa95]" name="feature" duration-ms="6274" started-at="2019-01-19T14:59:22Z" description="Runs Cucumber Feature" data-provider="features" finished-at="2019-01-19T14:59:28Z">
          <params>
            <param index="0">
              <value>
                <![CDATA[Each blog should have a unique ID]]>
              </value>
            </param>
          </params>
          <reporter-output>
          </reporter-output>
        </test-method> <!-- feature -->
        <test-method status="PASS" signature="tearDownClass()[pri:0, instance:runner.each_post_unique_Validation@42dafa95]" name="tearDownClass" is-config="true" duration-ms="0" started-at="2019-01-19T14:59:28Z" finished-at="2019-01-19T14:59:28Z">
          <reporter-output>
          </reporter-output>
        </test-method> <!-- tearDownClass -->
      </class> <!-- runner.each_post_unique_Validation -->
    </test> <!-- Default test -->
  </suite> <!-- Default suite -->
</testng-results>
